[0406/005212.680:ERROR:process_reader_win.cc(123)] NtOpenThread: {Access Denied} A process has requested access to an object, but has not been granted those access rights. (0xc0000022)
[0406/005212.680:ERROR:exception_snapshot_win.cc(98)] thread ID 24120 not found in process
[0406/005212.683:ERROR:process_reader_win.cc(123)] NtOpenThread: {Access Denied} A process has requested access to an object, but has not been granted those access rights. (0xc0000022)
[0406/005212.683:ERROR:exception_snapshot_win.cc(98)] thread ID 2624 not found in process
[0406/005212.752:ERROR:process_reader_win.cc(123)] NtOpenThread: {Access Denied} A process has requested access to an object, but has not been granted those access rights. (0xc0000022)
[0406/005212.754:ERROR:exception_snapshot_win.cc(98)] thread ID 30608 not found in process
[0406/102218.238:ERROR:process_reader_win.cc(123)] NtOpenThread: {Access Denied} A process has requested access to an object, but has not been granted those access rights. (0xc0000022)
[0406/102218.239:ERROR:exception_snapshot_win.cc(98)] thread ID 13600 not found in process
[0406/102218.311:ERROR:process_reader_win.cc(123)] NtOpenThread: {Access Denied} A process has requested access to an object, but has not been granted those access rights. (0xc0000022)
[0406/102218.311:ERROR:exception_snapshot_win.cc(98)] thread ID 10636 not found in process
[0406/110052.229:ERROR:process_reader_win.cc(123)] NtOpenThread: {Access Denied} A process has requested access to an object, but has not been granted those access rights. (0xc0000022)
[0406/110052.229:ERROR:exception_snapshot_win.cc(98)] thread ID 15788 not found in process
[0406/110052.298:ERROR:process_reader_win.cc(123)] NtOpenThread: {Access Denied} A process has requested access to an object, but has not been granted those access rights. (0xc0000022)
[0406/110052.298:ERROR:exception_snapshot_win.cc(98)] thread ID 212 not found in process
[0408/122210.772:ERROR:process_reader_win.cc(123)] NtOpenThread: {Access Denied} A process has requested access to an object, but has not been granted those access rights. (0xc0000022)
[0408/122210.773:ERROR:exception_snapshot_win.cc(98)] thread ID 14548 not found in process
[0408/122210.866:ERROR:process_reader_win.cc(123)] NtOpenThread: {Access Denied} A process has requested access to an object, but has not been granted those access rights. (0xc0000022)
[0408/122210.866:ERROR:exception_snapshot_win.cc(98)] thread ID 7864 not found in process
[0409/124050.520:ERROR:process_reader_win.cc(123)] NtOpenThread: {Access Denied} A process has requested access to an object, but has not been granted those access rights. (0xc0000022)
[0409/124050.546:ERROR:exception_snapshot_win.cc(98)] thread ID 18996 not found in process
[0409/124050.641:ERROR:process_reader_win.cc(123)] NtOpenThread: {Access Denied} A process has requested access to an object, but has not been granted those access rights. (0xc0000022)
[0409/124050.641:ERROR:exception_snapshot_win.cc(98)] thread ID 6532 not found in process
[0410/114508.113:ERROR:process_reader_win.cc(123)] NtOpenThread: {Access Denied} A process has requested access to an object, but has not been granted those access rights. (0xc0000022)
[0410/114508.113:ERROR:exception_snapshot_win.cc(98)] thread ID 16752 not found in process
[0410/114508.206:ERROR:process_reader_win.cc(123)] NtOpenThread: {Access Denied} A process has requested access to an object, but has not been granted those access rights. (0xc0000022)
[0410/114508.206:ERROR:exception_snapshot_win.cc(98)] thread ID 24188 not found in process
[0413/230100.974:ERROR:process_reader_win.cc(123)] NtOpenThread: {Access Denied} A process has requested access to an object, but has not been granted those access rights. (0xc0000022)
[0413/230101.330:ERROR:exception_snapshot_win.cc(98)] thread ID 22972 not found in process
[0413/230101.424:ERROR:process_reader_win.cc(123)] NtOpenThread: {Access Denied} A process has requested access to an object, but has not been granted those access rights. (0xc0000022)
[0413/230101.424:ERROR:exception_snapshot_win.cc(98)] thread ID 18968 not found in process
[0415/114900.205:ERROR:process_reader_win.cc(123)] NtOpenThread: {Access Denied} A process has requested access to an object, but has not been granted those access rights. (0xc0000022)
[0415/114900.553:ERROR:exception_snapshot_win.cc(98)] thread ID 18192 not found in process
[0415/114900.553:ERROR:scoped_process_suspend.cc(40)] NtResumeProcess: An attempt was made to access an exiting process. (0xc000010a)
[0415/153125.323:ERROR:process_reader_win.cc(123)] NtOpenThread: {Access Denied} A process has requested access to an object, but has not been granted those access rights. (0xc0000022)
[0415/153125.323:ERROR:exception_snapshot_win.cc(98)] thread ID 21552 not found in process
[0415/153125.416:ERROR:process_reader_win.cc(123)] NtOpenThread: {Access Denied} A process has requested access to an object, but has not been granted those access rights. (0xc0000022)
[0415/153125.416:ERROR:exception_snapshot_win.cc(98)] thread ID 12176 not found in process
[0416/154103.564:ERROR:prune_crash_reports.cc(35)] PruneCrashReportDatabase: Failed to get pending reports
[0420/135116.093:ERROR:process_reader_win.cc(123)] NtOpenThread: {Access Denied} A process has requested access to an object, but has not been granted those access rights. (0xc0000022)
[0420/135116.417:ERROR:exception_snapshot_win.cc(98)] thread ID 26232 not found in process
[0420/135116.516:ERROR:process_reader_win.cc(123)] NtOpenThread: {Access Denied} A process has requested access to an object, but has not been granted those access rights. (0xc0000022)
[0420/135116.516:ERROR:exception_snapshot_win.cc(98)] thread ID 12352 not found in process
[0420/160333.623:ERROR:process_reader_win.cc(123)] NtOpenThread: {Access Denied} A process has requested access to an object, but has not been granted those access rights. (0xc0000022)
[0420/160333.624:ERROR:exception_snapshot_win.cc(98)] thread ID 25768 not found in process
[0420/160333.718:ERROR:process_reader_win.cc(123)] NtOpenThread: {Access Denied} A process has requested access to an object, but has not been granted those access rights. (0xc0000022)
[0420/160333.718:ERROR:exception_snapshot_win.cc(98)] thread ID 26872 not found in process
[0423/121615.925:ERROR:process_reader_win.cc(123)] NtOpenThread: {Access Denied} A process has requested access to an object, but has not been granted those access rights. (0xc0000022)
[0423/121616.277:ERROR:exception_snapshot_win.cc(98)] thread ID 8144 not found in process
[0423/121616.367:ERROR:process_reader_win.cc(123)] NtOpenThread: {Access Denied} A process has requested access to an object, but has not been granted those access rights. (0xc0000022)
[0423/121616.367:ERROR:exception_snapshot_win.cc(98)] thread ID 832 not found in process
[0428/134016.508:ERROR:process_reader_win.cc(123)] NtOpenThread: {Access Denied} A process has requested access to an object, but has not been granted those access rights. (0xc0000022)
[0428/134016.866:ERROR:exception_snapshot_win.cc(98)] thread ID 6212 not found in process
[0428/134016.958:ERROR:process_reader_win.cc(123)] NtOpenThread: {Access Denied} A process has requested access to an object, but has not been granted those access rights. (0xc0000022)
[0428/134016.958:ERROR:exception_snapshot_win.cc(98)] thread ID 21292 not found in process
[0429/130834.180:ERROR:process_reader_win.cc(123)] NtOpenThread: {Access Denied} A process has requested access to an object, but has not been granted those access rights. (0xc0000022)
[0429/130834.219:ERROR:exception_snapshot_win.cc(98)] thread ID 21124 not found in process
[0429/130834.264:ERROR:process_reader_win.cc(123)] NtOpenThread: {Access Denied} A process has requested access to an object, but has not been granted those access rights. (0xc0000022)
[0429/130834.264:ERROR:exception_snapshot_win.cc(98)] thread ID 31020 not found in process
[0501/120033.392:ERROR:process_reader_win.cc(123)] NtOpenThread: {Access Denied} A process has requested access to an object, but has not been granted those access rights. (0xc0000022)
[0501/120033.742:ERROR:exception_snapshot_win.cc(98)] thread ID 22708 not found in process
[0501/120033.862:ERROR:process_reader_win.cc(123)] NtOpenThread: {Access Denied} A process has requested access to an object, but has not been granted those access rights. (0xc0000022)
[0501/120033.862:ERROR:exception_snapshot_win.cc(98)] thread ID 14448 not found in process
[0508/122206.181:ERROR:process_reader_win.cc(123)] NtOpenThread: {Access Denied} A process has requested access to an object, but has not been granted those access rights. (0xc0000022)
[0508/122206.182:ERROR:exception_snapshot_win.cc(98)] thread ID 23660 not found in process
[0508/122206.274:ERROR:process_reader_win.cc(123)] NtOpenThread: {Access Denied} A process has requested access to an object, but has not been granted those access rights. (0xc0000022)
[0508/122206.274:ERROR:exception_snapshot_win.cc(98)] thread ID 21008 not found in process
[0513/180254.815:ERROR:process_reader_win.cc(123)] NtOpenThread: {Access Denied} A process has requested access to an object, but has not been granted those access rights. (0xc0000022)
[0513/180254.856:ERROR:exception_snapshot_win.cc(98)] thread ID 27372 not found in process
[0513/180254.952:ERROR:process_reader_win.cc(123)] NtOpenThread: {Access Denied} A process has requested access to an object, but has not been granted those access rights. (0xc0000022)
[0513/180254.952:ERROR:exception_snapshot_win.cc(98)] thread ID 25332 not found in process
[0516/000000.755:ERROR:process_reader_win.cc(123)] NtOpenThread: {Access Denied} A process has requested access to an object, but has not been granted those access rights. (0xc0000022)
[0516/000001.111:ERROR:exception_snapshot_win.cc(98)] thread ID 25320 not found in process
[0516/000001.205:ERROR:process_reader_win.cc(123)] NtOpenThread: {Access Denied} A process has requested access to an object, but has not been granted those access rights. (0xc0000022)
[0516/000001.205:ERROR:exception_snapshot_win.cc(98)] thread ID 11592 not found in process
[0518/214800.972:ERROR:process_reader_win.cc(123)] NtOpenThread: {Access Denied} A process has requested access to an object, but has not been granted those access rights. (0xc0000022)
[0518/214801.151:ERROR:exception_snapshot_win.cc(98)] thread ID 25280 not found in process
[0518/214801.253:ERROR:process_reader_win.cc(123)] NtOpenThread: {Access Denied} A process has requested access to an object, but has not been granted those access rights. (0xc0000022)
[0518/214801.253:ERROR:exception_snapshot_win.cc(98)] thread ID 22576 not found in process
[0531/185936.746:ERROR:process_reader_win.cc(123)] NtOpenThread: {Access Denied} A process has requested access to an object, but has not been granted those access rights. (0xc0000022)
[0531/185937.098:ERROR:exception_snapshot_win.cc(98)] thread ID 2144 not found in process
[0531/185937.189:ERROR:process_reader_win.cc(123)] NtOpenThread: {Access Denied} A process has requested access to an object, but has not been granted those access rights. (0xc0000022)
[0531/185937.189:ERROR:exception_snapshot_win.cc(98)] thread ID 20152 not found in process
[0602/155923.377:ERROR:process_reader_win.cc(123)] NtOpenThread: {Access Denied} A process has requested access to an object, but has not been granted those access rights. (0xc0000022)
[0602/155923.416:ERROR:exception_snapshot_win.cc(98)] thread ID 27224 not found in process
[0602/155923.508:ERROR:process_reader_win.cc(123)] NtOpenThread: {Access Denied} A process has requested access to an object, but has not been granted those access rights. (0xc0000022)
[0602/155923.508:ERROR:exception_snapshot_win.cc(98)] thread ID 21664 not found in process
[0603/185405.173:ERROR:process_reader_win.cc(123)] NtOpenThread: {Access Denied} A process has requested access to an object, but has not been granted those access rights. (0xc0000022)
[0603/185405.173:ERROR:exception_snapshot_win.cc(98)] thread ID 7176 not found in process
[0603/185405.267:ERROR:process_reader_win.cc(123)] NtOpenThread: {Access Denied} A process has requested access to an object, but has not been granted those access rights. (0xc0000022)
[0603/185405.267:ERROR:exception_snapshot_win.cc(98)] thread ID 11732 not found in process
[0604/205100.838:ERROR:process_reader_win.cc(123)] NtOpenThread: {Access Denied} A process has requested access to an object, but has not been granted those access rights. (0xc0000022)
[0604/205100.871:ERROR:exception_snapshot_win.cc(98)] thread ID 22268 not found in process
[0604/205101.022:ERROR:process_reader_win.cc(123)] NtOpenThread: {Access Denied} A process has requested access to an object, but has not been granted those access rights. (0xc0000022)
[0604/205101.022:ERROR:exception_snapshot_win.cc(98)] thread ID 7064 not found in process
[0608/121934.911:ERROR:process_reader_win.cc(123)] NtOpenThread: {Access Denied} A process has requested access to an object, but has not been granted those access rights. (0xc0000022)
[0608/121935.246:ERROR:exception_snapshot_win.cc(98)] thread ID 7456 not found in process
[0608/121934.985:ERROR:process_reader_win.cc(123)] NtOpenThread: {Access Denied} A process has requested access to an object, but has not been granted those access rights. (0xc0000022)
[0608/121935.246:ERROR:exception_snapshot_win.cc(98)] thread ID 30508 not found in process
[0609/175948.128:ERROR:process_reader_win.cc(123)] NtOpenThread: {Access Denied} A process has requested access to an object, but has not been granted those access rights. (0xc0000022)
[0609/175948.480:ERROR:exception_snapshot_win.cc(98)] thread ID 36764 not found in process
[0609/175948.577:ERROR:process_reader_win.cc(123)] NtOpenThread: {Access Denied} A process has requested access to an object, but has not been granted those access rights. (0xc0000022)
[0609/175948.577:ERROR:exception_snapshot_win.cc(98)] thread ID 38692 not found in process
[0615/164019.235:ERROR:process_reader_win.cc(123)] NtOpenThread: {Access Denied} A process has requested access to an object, but has not been granted those access rights. (0xc0000022)
[0615/164019.587:ERROR:exception_snapshot_win.cc(98)] thread ID 4120 not found in process
[0615/164019.587:ERROR:scoped_process_suspend.cc(40)] NtResumeProcess: An attempt was made to access an exiting process. (0xc000010a)
[0618/131920.781:ERROR:process_reader_win.cc(123)] NtOpenThread: {Access Denied} A process has requested access to an object, but has not been granted those access rights. (0xc0000022)
[0618/131921.135:ERROR:exception_snapshot_win.cc(98)] thread ID 24912 not found in process
[0618/131921.226:ERROR:process_reader_win.cc(123)] NtOpenThread: {Access Denied} A process has requested access to an object, but has not been granted those access rights. (0xc0000022)
[0618/131921.227:ERROR:exception_snapshot_win.cc(98)] thread ID 11500 not found in process
[0623/133627.575:ERROR:process_reader_win.cc(123)] NtOpenThread: {Access Denied} A process has requested access to an object, but has not been granted those access rights. (0xc0000022)
[0623/133627.931:ERROR:exception_snapshot_win.cc(98)] thread ID 45504 not found in process
[0623/133628.028:ERROR:process_reader_win.cc(123)] NtOpenThread: {Access Denied} A process has requested access to an object, but has not been granted those access rights. (0xc0000022)
[0623/133628.028:ERROR:exception_snapshot_win.cc(98)] thread ID 48880 not found in process
[0629/150419.660:ERROR:process_reader_win.cc(123)] NtOpenThread: {Access Denied} A process has requested access to an object, but has not been granted those access rights. (0xc0000022)
[0629/150419.661:ERROR:exception_snapshot_win.cc(98)] thread ID 6420 not found in process
[0629/150419.733:ERROR:process_reader_win.cc(123)] NtOpenThread: {Access Denied} A process has requested access to an object, but has not been granted those access rights. (0xc0000022)
[0629/150419.733:ERROR:exception_snapshot_win.cc(98)] thread ID 23876 not found in process
[0629/150712.464:ERROR:process_reader_win.cc(123)] NtOpenThread: {Access Denied} A process has requested access to an object, but has not been granted those access rights. (0xc0000022)
[0629/150712.465:ERROR:exception_snapshot_win.cc(98)] thread ID 4600 not found in process
[0629/150712.539:ERROR:process_reader_win.cc(123)] NtOpenThread: {Access Denied} A process has requested access to an object, but has not been granted those access rights. (0xc0000022)
[0629/150712.539:ERROR:exception_snapshot_win.cc(98)] thread ID 31384 not found in process
[0629/152526.907:ERROR:process_reader_win.cc(123)] NtOpenThread: {Access Denied} A process has requested access to an object, but has not been granted those access rights. (0xc0000022)
[0629/152526.907:ERROR:exception_snapshot_win.cc(98)] thread ID 9860 not found in process
[0629/152526.982:ERROR:process_reader_win.cc(123)] NtOpenThread: {Access Denied} A process has requested access to an object, but has not been granted those access rights. (0xc0000022)
[0629/152526.982:ERROR:exception_snapshot_win.cc(98)] thread ID 18256 not found in process
[0702/173510.879:ERROR:process_reader_win.cc(123)] NtOpenThread: {Access Denied} A process has requested access to an object, but has not been granted those access rights. (0xc0000022)
[0702/173510.922:ERROR:exception_snapshot_win.cc(98)] thread ID 3264 not found in process
[0702/173511.015:ERROR:process_reader_win.cc(123)] NtOpenThread: {Access Denied} A process has requested access to an object, but has not been granted those access rights. (0xc0000022)
[0702/173511.015:ERROR:exception_snapshot_win.cc(98)] thread ID 17704 not found in process
[0704/114532.554:ERROR:process_reader_win.cc(123)] NtOpenThread: {Access Denied} A process has requested access to an object, but has not been granted those access rights. (0xc0000022)
[0704/114532.598:ERROR:exception_snapshot_win.cc(98)] thread ID 6036 not found in process
[0704/114532.628:ERROR:process_reader_win.cc(123)] NtOpenThread: {Access Denied} A process has requested access to an object, but has not been granted those access rights. (0xc0000022)
[0704/114532.628:ERROR:exception_snapshot_win.cc(98)] thread ID 31268 not found in process
[0704/114624.691:ERROR:process_reader_win.cc(123)] NtOpenThread: {Access Denied} A process has requested access to an object, but has not been granted those access rights. (0xc0000022)
[0704/114624.691:ERROR:exception_snapshot_win.cc(98)] thread ID 11392 not found in process
[0704/114624.760:ERROR:process_reader_win.cc(123)] NtOpenThread: {Access Denied} A process has requested access to an object, but has not been granted those access rights. (0xc0000022)
[0704/114624.760:ERROR:exception_snapshot_win.cc(98)] thread ID 19448 not found in process
[0704/123559.942:ERROR:process_reader_win.cc(123)] NtOpenThread: {Access Denied} A process has requested access to an object, but has not been granted those access rights. (0xc0000022)
[0704/123559.942:ERROR:exception_snapshot_win.cc(98)] thread ID 31500 not found in process
[0704/123600.034:ERROR:process_reader_win.cc(123)] NtOpenThread: {Access Denied} A process has requested access to an object, but has not been granted those access rights. (0xc0000022)
[0704/123600.034:ERROR:exception_snapshot_win.cc(98)] thread ID 30680 not found in process
[0707/180632.232:ERROR:process_reader_win.cc(123)] NtOpenThread: {Access Denied} A process has requested access to an object, but has not been granted those access rights. (0xc0000022)
[0707/180632.272:ERROR:exception_snapshot_win.cc(98)] thread ID 20300 not found in process
[0707/180632.364:ERROR:process_reader_win.cc(123)] NtOpenThread: {Access Denied} A process has requested access to an object, but has not been granted those access rights. (0xc0000022)
[0707/180632.364:ERROR:exception_snapshot_win.cc(98)] thread ID 15792 not found in process
[0710/132215.064:ERROR:prune_crash_reports.cc(35)] PruneCrashReportDatabase: Failed to get pending reports
[0713/211940.204:ERROR:process_reader_win.cc(123)] NtOpenThread: {Access Denied} A process has requested access to an object, but has not been granted those access rights. (0xc0000022)
[0713/211940.533:ERROR:exception_snapshot_win.cc(98)] thread ID 30592 not found in process
[0713/211940.625:ERROR:process_reader_win.cc(123)] NtOpenThread: {Access Denied} A process has requested access to an object, but has not been granted those access rights. (0xc0000022)
[0713/211940.625:ERROR:exception_snapshot_win.cc(98)] thread ID 24704 not found in process
[0717/143935.047:ERROR:process_reader_win.cc(123)] NtOpenThread: {Access Denied} A process has requested access to an object, but has not been granted those access rights. (0xc0000022)
[0717/143935.373:ERROR:exception_snapshot_win.cc(98)] thread ID 6320 not found in process
[0717/143935.474:ERROR:process_reader_win.cc(123)] NtOpenThread: {Access Denied} A process has requested access to an object, but has not been granted those access rights. (0xc0000022)
[0717/143935.474:ERROR:exception_snapshot_win.cc(98)] thread ID 27980 not found in process
[0721/140623.323:ERROR:process_reader_win.cc(123)] NtOpenThread: {Access Denied} A process has requested access to an object, but has not been granted those access rights. (0xc0000022)
[0721/140623.361:ERROR:exception_snapshot_win.cc(98)] thread ID 14636 not found in process
[0721/140623.449:ERROR:process_reader_win.cc(123)] NtOpenThread: {Access Denied} A process has requested access to an object, but has not been granted those access rights. (0xc0000022)
[0721/140623.449:ERROR:exception_snapshot_win.cc(98)] thread ID 6948 not found in process
[0722/180221.318:ERROR:process_reader_win.cc(123)] NtOpenThread: {Access Denied} A process has requested access to an object, but has not been granted those access rights. (0xc0000022)
[0722/180221.319:ERROR:exception_snapshot_win.cc(98)] thread ID 22104 not found in process
[0722/180221.409:ERROR:process_reader_win.cc(123)] NtOpenThread: {Access Denied} A process has requested access to an object, but has not been granted those access rights. (0xc0000022)
[0722/180221.409:ERROR:exception_snapshot_win.cc(98)] thread ID 28196 not found in process
[0723/134051.408:ERROR:process_reader_win.cc(123)] NtOpenThread: {Access Denied} A process has requested access to an object, but has not been granted those access rights. (0xc0000022)
[0723/134051.739:ERROR:exception_snapshot_win.cc(98)] thread ID 29872 not found in process
[0723/134051.831:ERROR:process_reader_win.cc(123)] NtOpenThread: {Access Denied} A process has requested access to an object, but has not been granted those access rights. (0xc0000022)
[0723/134051.831:ERROR:exception_snapshot_win.cc(98)] thread ID 27752 not found in process
[0724/125117.318:ERROR:process_reader_win.cc(123)] NtOpenThread: {Access Denied} A process has requested access to an object, but has not been granted those access rights. (0xc0000022)
[0724/125117.346:ERROR:exception_snapshot_win.cc(98)] thread ID 2140 not found in process
[0724/125117.440:ERROR:process_reader_win.cc(123)] NtOpenThread: {Access Denied} A process has requested access to an object, but has not been granted those access rights. (0xc0000022)
[0724/125117.440:ERROR:exception_snapshot_win.cc(98)] thread ID 21712 not found in process
[0727/144610.237:ERROR:process_reader_win.cc(123)] NtOpenThread: {Access Denied} A process has requested access to an object, but has not been granted those access rights. (0xc0000022)
[0727/144610.293:ERROR:exception_snapshot_win.cc(98)] thread ID 11456 not found in process
[0727/144610.384:ERROR:process_reader_win.cc(123)] NtOpenThread: {Access Denied} A process has requested access to an object, but has not been granted those access rights. (0xc0000022)
[0727/144610.384:ERROR:exception_snapshot_win.cc(98)] thread ID 27064 not found in process
[0727/165730.149:ERROR:process_reader_win.cc(123)] NtOpenThread: {Access Denied} A process has requested access to an object, but has not been granted those access rights. (0xc0000022)
[0727/165730.150:ERROR:exception_snapshot_win.cc(98)] thread ID 26224 not found in process
[0727/165730.221:ERROR:process_reader_win.cc(123)] NtOpenThread: {Access Denied} A process has requested access to an object, but has not been granted those access rights. (0xc0000022)
[0727/165730.221:ERROR:exception_snapshot_win.cc(98)] thread ID 22336 not found in process
[0730/135359.455:ERROR:process_reader_win.cc(123)] NtOpenThread: {Access Denied} A process has requested access to an object, but has not been granted those access rights. (0xc0000022)
[0730/135359.500:ERROR:exception_snapshot_win.cc(98)] thread ID 17832 not found in process
[0730/135359.594:ERROR:process_reader_win.cc(123)] NtOpenThread: {Access Denied} A process has requested access to an object, but has not been granted those access rights. (0xc0000022)
[0730/135359.594:ERROR:exception_snapshot_win.cc(98)] thread ID 5176 not found in process
[0803/123246.797:ERROR:process_reader_win.cc(123)] NtOpenThread: {Access Denied} A process has requested access to an object, but has not been granted those access rights. (0xc0000022)
[0803/123246.821:ERROR:exception_snapshot_win.cc(98)] thread ID 10148 not found in process
[0803/123246.909:ERROR:process_reader_win.cc(123)] NtOpenThread: {Access Denied} A process has requested access to an object, but has not been granted those access rights. (0xc0000022)
[0803/123246.909:ERROR:exception_snapshot_win.cc(98)] thread ID 21880 not found in process
[0805/132120.318:ERROR:process_reader_win.cc(123)] NtOpenThread: {Access Denied} A process has requested access to an object, but has not been granted those access rights. (0xc0000022)
[0805/132120.679:ERROR:exception_snapshot_win.cc(98)] thread ID 23924 not found in process
[0805/132120.771:ERROR:process_reader_win.cc(123)] NtOpenThread: {Access Denied} A process has requested access to an object, but has not been granted those access rights. (0xc0000022)
[0805/132120.771:ERROR:exception_snapshot_win.cc(98)] thread ID 1304 not found in process
[0806/174041.719:ERROR:process_reader_win.cc(123)] NtOpenThread: {Access Denied} A process has requested access to an object, but has not been granted those access rights. (0xc0000022)
[0806/174041.720:ERROR:exception_snapshot_win.cc(98)] thread ID 1132 not found in process
[0806/174041.794:ERROR:process_reader_win.cc(123)] NtOpenThread: {Access Denied} A process has requested access to an object, but has not been granted those access rights. (0xc0000022)
[0806/174041.794:ERROR:exception_snapshot_win.cc(98)] thread ID 14288 not found in process
[0806/182658.839:ERROR:process_reader_win.cc(123)] NtOpenThread: {Access Denied} A process has requested access to an object, but has not been granted those access rights. (0xc0000022)
[0806/182658.840:ERROR:exception_snapshot_win.cc(98)] thread ID 26988 not found in process
[0806/182658.912:ERROR:process_reader_win.cc(123)] NtOpenThread: {Access Denied} A process has requested access to an object, but has not been granted those access rights. (0xc0000022)
[0806/182658.912:ERROR:exception_snapshot_win.cc(98)] thread ID 27704 not found in process
[0806/192015.291:ERROR:process_reader_win.cc(123)] NtOpenThread: {Access Denied} A process has requested access to an object, but has not been granted those access rights. (0xc0000022)
[0806/192015.292:ERROR:exception_snapshot_win.cc(98)] thread ID 14308 not found in process
[0806/192015.292:ERROR:process_reader_win.cc(123)] NtOpenThread: {Access Denied} A process has requested access to an object, but has not been granted those access rights. (0xc0000022)
[0806/192015.293:ERROR:exception_snapshot_win.cc(98)] thread ID 23548 not found in process
[0806/192015.381:ERROR:process_reader_win.cc(123)] NtOpenThread: {Access Denied} A process has requested access to an object, but has not been granted those access rights. (0xc0000022)
[0806/192015.381:ERROR:exception_snapshot_win.cc(98)] thread ID 25612 not found in process
[0806/192015.383:ERROR:process_reader_win.cc(123)] NtOpenThread: {Access Denied} A process has requested access to an object, but has not been granted those access rights. (0xc0000022)
[0806/192015.383:ERROR:exception_snapshot_win.cc(98)] thread ID 5404 not found in process
[0809/141000.663:ERROR:process_reader_win.cc(123)] NtOpenThread: {Access Denied} A process has requested access to an object, but has not been granted those access rights. (0xc0000022)
[0809/141000.700:ERROR:exception_snapshot_win.cc(98)] thread ID 31364 not found in process
[0809/141000.736:ERROR:process_reader_win.cc(123)] NtOpenThread: {Access Denied} A process has requested access to an object, but has not been granted those access rights. (0xc0000022)
[0809/141000.736:ERROR:exception_snapshot_win.cc(98)] thread ID 7848 not found in process
[0809/141456.912:ERROR:process_reader_win.cc(123)] NtOpenThread: {Access Denied} A process has requested access to an object, but has not been granted those access rights. (0xc0000022)
[0809/141456.913:ERROR:exception_snapshot_win.cc(98)] thread ID 21088 not found in process
[0809/141456.916:ERROR:process_reader_win.cc(123)] NtOpenThread: {Access Denied} A process has requested access to an object, but has not been granted those access rights. (0xc0000022)
[0809/141456.916:ERROR:exception_snapshot_win.cc(98)] thread ID 23448 not found in process
[0809/141456.983:ERROR:process_reader_win.cc(123)] NtOpenThread: {Access Denied} A process has requested access to an object, but has not been granted those access rights. (0xc0000022)
[0809/141456.983:ERROR:exception_snapshot_win.cc(98)] thread ID 29032 not found in process
[0809/141635.396:ERROR:process_reader_win.cc(123)] NtOpenThread: {Access Denied} A process has requested access to an object, but has not been granted those access rights. (0xc0000022)
[0809/141635.397:ERROR:exception_snapshot_win.cc(98)] thread ID 32328 not found in process
[0809/141635.468:ERROR:process_reader_win.cc(123)] NtOpenThread: {Access Denied} A process has requested access to an object, but has not been granted those access rights. (0xc0000022)
[0809/141635.468:ERROR:exception_snapshot_win.cc(98)] thread ID 26108 not found in process
[0809/144605.640:ERROR:process_reader_win.cc(123)] NtOpenThread: {Access Denied} A process has requested access to an object, but has not been granted those access rights. (0xc0000022)
[0809/144605.641:ERROR:exception_snapshot_win.cc(98)] thread ID 30260 not found in process
[0809/144605.714:ERROR:process_reader_win.cc(123)] NtOpenThread: {Access Denied} A process has requested access to an object, but has not been granted those access rights. (0xc0000022)
[0809/144605.714:ERROR:exception_snapshot_win.cc(98)] thread ID 13468 not found in process
[0809/150946.916:ERROR:process_reader_win.cc(123)] NtOpenThread: {Access Denied} A process has requested access to an object, but has not been granted those access rights. (0xc0000022)
[0809/150946.917:ERROR:exception_snapshot_win.cc(98)] thread ID 35668 not found in process
[0809/150946.988:ERROR:process_reader_win.cc(123)] NtOpenThread: {Access Denied} A process has requested access to an object, but has not been granted those access rights. (0xc0000022)
[0809/150946.988:ERROR:exception_snapshot_win.cc(98)] thread ID 35176 not found in process
[0809/153259.509:ERROR:process_reader_win.cc(123)] NtOpenThread: {Access Denied} A process has requested access to an object, but has not been granted those access rights. (0xc0000022)
[0809/153259.510:ERROR:exception_snapshot_win.cc(98)] thread ID 36360 not found in process
[0809/153259.582:ERROR:process_reader_win.cc(123)] NtOpenThread: {Access Denied} A process has requested access to an object, but has not been granted those access rights. (0xc0000022)
[0809/153259.582:ERROR:exception_snapshot_win.cc(98)] thread ID 24652 not found in process
[0809/153523.237:ERROR:process_reader_win.cc(123)] NtOpenThread: {Access Denied} A process has requested access to an object, but has not been granted those access rights. (0xc0000022)
[0809/153523.238:ERROR:exception_snapshot_win.cc(98)] thread ID 36064 not found in process
[0809/153523.309:ERROR:process_reader_win.cc(123)] NtOpenThread: {Access Denied} A process has requested access to an object, but has not been granted those access rights. (0xc0000022)
[0809/153523.309:ERROR:exception_snapshot_win.cc(98)] thread ID 35828 not found in process
[0809/153612.759:ERROR:process_reader_win.cc(123)] NtOpenThread: {Access Denied} A process has requested access to an object, but has not been granted those access rights. (0xc0000022)
[0809/153612.760:ERROR:exception_snapshot_win.cc(98)] thread ID 29332 not found in process
[0809/153612.827:ERROR:process_reader_win.cc(123)] NtOpenThread: {Access Denied} A process has requested access to an object, but has not been granted those access rights. (0xc0000022)
[0809/153612.827:ERROR:exception_snapshot_win.cc(98)] thread ID 31076 not found in process
[0809/153803.545:ERROR:process_reader_win.cc(123)] NtOpenThread: {Access Denied} A process has requested access to an object, but has not been granted those access rights. (0xc0000022)
[0809/153803.546:ERROR:exception_snapshot_win.cc(98)] thread ID 34956 not found in process
[0809/153803.548:ERROR:process_reader_win.cc(123)] NtOpenThread: {Access Denied} A process has requested access to an object, but has not been granted those access rights. (0xc0000022)
[0809/153803.548:ERROR:exception_snapshot_win.cc(98)] thread ID 1980 not found in process
[0809/153803.625:ERROR:process_reader_win.cc(123)] NtOpenThread: {Access Denied} A process has requested access to an object, but has not been granted those access rights. (0xc0000022)
[0809/153803.625:ERROR:exception_snapshot_win.cc(98)] thread ID 35892 not found in process
[0809/155804.071:ERROR:process_reader_win.cc(123)] NtOpenThread: {Access Denied} A process has requested access to an object, but has not been granted those access rights. (0xc0000022)
[0809/155804.072:ERROR:exception_snapshot_win.cc(98)] thread ID 23024 not found in process
[0809/155804.171:ERROR:process_reader_win.cc(123)] NtOpenThread: {Access Denied} A process has requested access to an object, but has not been granted those access rights. (0xc0000022)
[0809/155804.171:ERROR:exception_snapshot_win.cc(98)] thread ID 18748 not found in process
[0810/154647.450:ERROR:process_reader_win.cc(123)] NtOpenThread: {Access Denied} A process has requested access to an object, but has not been granted those access rights. (0xc0000022)
[0810/154647.496:ERROR:exception_snapshot_win.cc(98)] thread ID 2800 not found in process
[0810/154647.590:ERROR:process_reader_win.cc(123)] NtOpenThread: {Access Denied} A process has requested access to an object, but has not been granted those access rights. (0xc0000022)
[0810/154647.590:ERROR:exception_snapshot_win.cc(98)] thread ID 15768 not found in process
[0812/184059.609:ERROR:process_reader_win.cc(123)] NtOpenThread: {Access Denied} A process has requested access to an object, but has not been granted those access rights. (0xc0000022)
[0812/184059.635:ERROR:exception_snapshot_win.cc(98)] thread ID 45476 not found in process
[0812/184059.734:ERROR:process_reader_win.cc(123)] NtOpenThread: {Access Denied} A process has requested access to an object, but has not been granted those access rights. (0xc0000022)
[0812/184059.734:ERROR:exception_snapshot_win.cc(98)] thread ID 37856 not found in process
[0813/142634.766:ERROR:process_reader_win.cc(123)] NtOpenThread: {Access Denied} A process has requested access to an object, but has not been granted those access rights. (0xc0000022)
[0813/142634.767:ERROR:exception_snapshot_win.cc(98)] thread ID 10704 not found in process
[0813/142634.857:ERROR:process_reader_win.cc(123)] NtOpenThread: {Access Denied} A process has requested access to an object, but has not been granted those access rights. (0xc0000022)
[0813/142634.857:ERROR:exception_snapshot_win.cc(98)] thread ID 23688 not found in process
[0814/160125.007:ERROR:prune_crash_reports.cc(35)] PruneCrashReportDatabase: Failed to get pending reports
[0814/165608.029:ERROR:process_reader_win.cc(123)] NtOpenThread: {Access Denied} A process has requested access to an object, but has not been granted those access rights. (0xc0000022)
[0814/165608.030:ERROR:exception_snapshot_win.cc(98)] thread ID 3304 not found in process
[0814/165608.120:ERROR:process_reader_win.cc(123)] NtOpenThread: {Access Denied} A process has requested access to an object, but has not been granted those access rights. (0xc0000022)
[0814/165608.120:ERROR:exception_snapshot_win.cc(98)] thread ID 16400 not found in process
[0815/172448.059:ERROR:process_reader_win.cc(123)] NtOpenThread: {Access Denied} A process has requested access to an object, but has not been granted those access rights. (0xc0000022)
[0815/172448.106:ERROR:exception_snapshot_win.cc(98)] thread ID 30632 not found in process
[0815/172448.133:ERROR:process_reader_win.cc(123)] NtOpenThread: {Access Denied} A process has requested access to an object, but has not been granted those access rights. (0xc0000022)
[0815/172448.133:ERROR:exception_snapshot_win.cc(98)] thread ID 27804 not found in process
[0817/190843.144:ERROR:process_reader_win.cc(123)] NtOpenThread: {Access Denied} A process has requested access to an object, but has not been granted those access rights. (0xc0000022)
[0817/190843.145:ERROR:exception_snapshot_win.cc(98)] thread ID 40756 not found in process
[0817/190843.241:ERROR:process_reader_win.cc(123)] NtOpenThread: {Access Denied} A process has requested access to an object, but has not been granted those access rights. (0xc0000022)
[0817/190843.241:ERROR:exception_snapshot_win.cc(98)] thread ID 40412 not found in process
[0818/181406.964:ERROR:process_reader_win.cc(123)] NtOpenThread: {Access Denied} A process has requested access to an object, but has not been granted those access rights. (0xc0000022)
[0818/181406.990:ERROR:exception_snapshot_win.cc(98)] thread ID 27808 not found in process
[0818/181407.013:ERROR:process_reader_win.cc(123)] NtOpenThread: {Access Denied} A process has requested access to an object, but has not been granted those access rights. (0xc0000022)
[0818/181407.014:ERROR:exception_snapshot_win.cc(98)] thread ID 49868 not found in process
[0818/181407.111:ERROR:process_reader_win.cc(123)] NtOpenThread: {Access Denied} A process has requested access to an object, but has not been granted those access rights. (0xc0000022)
[0818/181407.111:ERROR:exception_snapshot_win.cc(98)] thread ID 47708 not found in process
[0818/181408.300:ERROR:process_reader_win.cc(123)] NtOpenThread: {Access Denied} A process has requested access to an object, but has not been granted those access rights. (0xc0000022)
[0818/181408.300:ERROR:exception_snapshot_win.cc(98)] thread ID 50384 not found in process
[0824/164133.935:ERROR:process_reader_win.cc(123)] NtOpenThread: {Access Denied} A process has requested access to an object, but has not been granted those access rights. (0xc0000022)
[0824/164133.969:ERROR:exception_snapshot_win.cc(98)] thread ID 46788 not found in process
[0824/164134.008:ERROR:process_reader_win.cc(123)] NtOpenThread: {Access Denied} A process has requested access to an object, but has not been granted those access rights. (0xc0000022)
[0824/164134.008:ERROR:exception_snapshot_win.cc(98)] thread ID 69588 not found in process
[0824/181541.969:ERROR:process_reader_win.cc(123)] NtOpenThread: {Access Denied} A process has requested access to an object, but has not been granted those access rights. (0xc0000022)
[0824/181541.969:ERROR:exception_snapshot_win.cc(98)] thread ID 31800 not found in process
[0824/181542.071:ERROR:process_reader_win.cc(123)] NtOpenThread: {Access Denied} A process has requested access to an object, but has not been granted those access rights. (0xc0000022)
[0824/181542.071:ERROR:exception_snapshot_win.cc(98)] thread ID 58092 not found in process
[0827/191514.862:ERROR:process_reader_win.cc(123)] NtOpenThread: {Access Denied} A process has requested access to an object, but has not been granted those access rights. (0xc0000022)
[0827/191514.922:ERROR:exception_snapshot_win.cc(98)] thread ID 90332 not found in process
[0827/191515.067:ERROR:process_reader_win.cc(123)] NtOpenThread: {Access Denied} A process has requested access to an object, but has not been granted those access rights. (0xc0000022)
[0827/191515.067:ERROR:exception_snapshot_win.cc(98)] thread ID 101340 not found in process
[0903/181854.852:ERROR:prune_crash_reports.cc(35)] PruneCrashReportDatabase: Failed to get pending reports
[0907/133745.771:ERROR:process_reader_win.cc(123)] NtOpenThread: {Access Denied} A process has requested access to an object, but has not been granted those access rights. (0xc0000022)
[0907/133745.773:ERROR:exception_snapshot_win.cc(99)] thread ID 39720 not found in process
[0907/133745.804:ERROR:process_reader_win.cc(123)] NtOpenThread: {Access Denied} A process has requested access to an object, but has not been granted those access rights. (0xc0000022)
[0907/133745.804:ERROR:exception_snapshot_win.cc(99)] thread ID 18460 not found in process
[0908/162505.468:ERROR:process_reader_win.cc(123)] NtOpenThread: {Access Denied} A process has requested access to an object, but has not been granted those access rights. (0xc0000022)
[0908/162505.469:ERROR:exception_snapshot_win.cc(99)] thread ID 25740 not found in process
[0908/162505.483:ERROR:process_reader_win.cc(123)] NtOpenThread: {Access Denied} A process has requested access to an object, but has not been granted those access rights. (0xc0000022)
[0908/162505.483:ERROR:exception_snapshot_win.cc(99)] thread ID 67548 not found in process
[0917/162459.897:ERROR:process_reader_win.cc(123)] NtOpenThread: {Access Denied} A process has requested access to an object, but has not been granted those access rights. (0xc0000022)
[0917/162500.250:ERROR:exception_snapshot_win.cc(99)] thread ID 36328 not found in process
[0917/162500.344:ERROR:process_reader_win.cc(123)] NtOpenThread: {Access Denied} A process has requested access to an object, but has not been granted those access rights. (0xc0000022)
[0917/162500.344:ERROR:exception_snapshot_win.cc(99)] thread ID 54648 not found in process
[0925/153848.788:ERROR:process_reader_win.cc(123)] NtOpenThread: {Access Denied} A process has requested access to an object, but has not been granted those access rights. (0xc0000022)
[0925/153848.829:ERROR:exception_snapshot_win.cc(99)] thread ID 2288 not found in process
[0925/153848.934:ERROR:process_reader_win.cc(123)] NtOpenThread: {Access Denied} A process has requested access to an object, but has not been granted those access rights. (0xc0000022)
[0925/153848.935:ERROR:exception_snapshot_win.cc(99)] thread ID 38016 not found in process
[0930/161947.027:ERROR:process_reader_win.cc(123)] NtOpenThread: {Access Denied} A process has requested access to an object, but has not been granted those access rights. (0xc0000022)
[0930/161947.028:ERROR:exception_snapshot_win.cc(99)] thread ID 41532 not found in process
[0930/161947.048:ERROR:process_reader_win.cc(123)] NtOpenThread: {Access Denied} A process has requested access to an object, but has not been granted those access rights. (0xc0000022)
[0930/161947.048:ERROR:exception_snapshot_win.cc(99)] thread ID 24760 not found in process
[0930/161947.149:ERROR:process_reader_win.cc(123)] NtOpenThread: {Access Denied} A process has requested access to an object, but has not been granted those access rights. (0xc0000022)
[0930/161947.149:ERROR:exception_snapshot_win.cc(99)] thread ID 18448 not found in process
[0930/161947.193:ERROR:process_reader_win.cc(123)] NtOpenThread: {Access Denied} A process has requested access to an object, but has not been granted those access rights. (0xc0000022)
[0930/161947.194:ERROR:exception_snapshot_win.cc(99)] thread ID 12808 not found in process
[0930/161947.296:ERROR:process_reader_win.cc(123)] NtOpenThread: {Access Denied} A process has requested access to an object, but has not been granted those access rights. (0xc0000022)
[0930/161947.296:ERROR:exception_snapshot_win.cc(99)] thread ID 1360 not found in process
[0930/161952.440:ERROR:process_reader_win.cc(123)] NtOpenThread: {Access Denied} A process has requested access to an object, but has not been granted those access rights. (0xc0000022)
[0930/161952.440:ERROR:exception_snapshot_win.cc(99)] thread ID 44028 not found in process
[1005/123446.688:ERROR:process_reader_win.cc(123)] NtOpenThread: {Access Denied} A process has requested access to an object, but has not been granted those access rights. (0xc0000022)
[1005/123446.713:ERROR:exception_snapshot_win.cc(99)] thread ID 23236 not found in process
[1005/123446.764:ERROR:process_reader_win.cc(123)] NtOpenThread: {Access Denied} A process has requested access to an object, but has not been granted those access rights. (0xc0000022)
[1005/123446.764:ERROR:exception_snapshot_win.cc(99)] thread ID 15928 not found in process
[1005/123745.541:ERROR:process_reader_win.cc(123)] NtOpenThread: {Access Denied} A process has requested access to an object, but has not been granted those access rights. (0xc0000022)
[1005/123745.541:ERROR:exception_snapshot_win.cc(99)] thread ID 31456 not found in process
[1005/123745.614:ERROR:process_reader_win.cc(123)] NtOpenThread: {Access Denied} A process has requested access to an object, but has not been granted those access rights. (0xc0000022)
[1005/123745.614:ERROR:exception_snapshot_win.cc(99)] thread ID 43308 not found in process
[1012/193022.331:ERROR:directory_reader_win.cc(43)] FindFirstFile: The system cannot find the path specified. (0x3)
[1012/213504.235:ERROR:process_reader_win.cc(123)] NtOpenThread: {Access Denied} A process has requested access to an object, but has not been granted those access rights. (0xc0000022)
[1012/213504.236:ERROR:exception_snapshot_win.cc(99)] thread ID 26932 not found in process
[1012/213504.307:ERROR:process_reader_win.cc(123)] NtOpenThread: {Access Denied} A process has requested access to an object, but has not been granted those access rights. (0xc0000022)
[1012/213504.307:ERROR:exception_snapshot_win.cc(99)] thread ID 8796 not found in process
[1012/214525.959:ERROR:directory_reader_win.cc(43)] FindFirstFile: The system cannot find the path specified. (0x3)
[1012/232450.202:ERROR:process_reader_win.cc(123)] NtOpenThread: {Access Denied} A process has requested access to an object, but has not been granted those access rights. (0xc0000022)
[1012/232450.203:ERROR:exception_snapshot_win.cc(99)] thread ID 18840 not found in process
[1012/232450.303:ERROR:process_reader_win.cc(123)] NtOpenThread: {Access Denied} A process has requested access to an object, but has not been granted those access rights. (0xc0000022)
[1012/232450.303:ERROR:exception_snapshot_win.cc(99)] thread ID 24680 not found in process
[1013/162212.432:ERROR:process_reader_win.cc(123)] NtOpenThread: {Access Denied} A process has requested access to an object, but has not been granted those access rights. (0xc0000022)
[1013/162212.783:ERROR:exception_snapshot_win.cc(99)] thread ID 2236 not found in process
[1013/162212.784:ERROR:scoped_process_suspend.cc(40)] NtResumeProcess: An attempt was made to access an exiting process. (0xc000010a)
[1014/123555.059:ERROR:directory_reader_win.cc(43)] FindFirstFile: The system cannot find the path specified. (0x3)
[1014/150825.760:ERROR:process_reader_win.cc(123)] NtOpenThread: {Access Denied} A process has requested access to an object, but has not been granted those access rights. (0xc0000022)
[1014/150825.761:ERROR:exception_snapshot_win.cc(99)] thread ID 27248 not found in process
[1014/150826.197:ERROR:process_reader_win.cc(123)] NtOpenThread: {Access Denied} A process has requested access to an object, but has not been granted those access rights. (0xc0000022)
[1014/150826.197:ERROR:exception_snapshot_win.cc(99)] thread ID 31308 not found in process
[1015/142707.024:ERROR:directory_reader_win.cc(43)] FindFirstFile: The system cannot find the path specified. (0x3)
[1016/114000.958:ERROR:directory_reader_win.cc(43)] FindFirstFile: The system cannot find the path specified. (0x3)
[1019/152357.636:ERROR:directory_reader_win.cc(43)] FindFirstFile: The system cannot find the path specified. (0x3)
[1020/123242.533:ERROR:directory_reader_win.cc(43)] FindFirstFile: The system cannot find the path specified. (0x3)
[1021/133140.697:ERROR:directory_reader_win.cc(43)] FindFirstFile: The system cannot find the path specified. (0x3)
[1022/144505.537:ERROR:directory_reader_win.cc(43)] FindFirstFile: The system cannot find the path specified. (0x3)
[1026/115425.352:ERROR:directory_reader_win.cc(43)] FindFirstFile: The system cannot find the path specified. (0x3)
[1026/125958.273:ERROR:directory_reader_win.cc(43)] FindFirstFile: The system cannot find the path specified. (0x3)
[1026/131357.974:ERROR:process_reader_win.cc(123)] NtOpenThread: {Access Denied} A process has requested access to an object, but has not been granted those access rights. (0xc0000022)
[1026/131357.976:ERROR:exception_snapshot_win.cc(99)] thread ID 2740 not found in process
[1026/131358.069:ERROR:process_reader_win.cc(123)] NtOpenThread: {Access Denied} A process has requested access to an object, but has not been granted those access rights. (0xc0000022)
[1026/131358.069:ERROR:exception_snapshot_win.cc(99)] thread ID 23128 not found in process
[1026/132403.798:ERROR:directory_reader_win.cc(43)] FindFirstFile: The system cannot find the path specified. (0x3)
[1026/132403.798:ERROR:prune_crash_reports.cc(36)] PruneCrashReportDatabase: Failed to get pending reports
[1026/161020.962:ERROR:directory_reader_win.cc(43)] FindFirstFile: The system cannot find the path specified. (0x3)
[1026/174512.725:ERROR:process_reader_win.cc(123)] NtOpenThread: {Access Denied} A process has requested access to an object, but has not been granted those access rights. (0xc0000022)
[1026/174512.725:ERROR:exception_snapshot_win.cc(99)] thread ID 13160 not found in process
[1026/174512.823:ERROR:process_reader_win.cc(123)] NtOpenThread: {Access Denied} A process has requested access to an object, but has not been granted those access rights. (0xc0000022)
[1026/174512.823:ERROR:exception_snapshot_win.cc(99)] thread ID 25844 not found in process
[1026/175521.027:ERROR:directory_reader_win.cc(43)] FindFirstFile: The system cannot find the path specified. (0x3)
[1027/151220.168:ERROR:directory_reader_win.cc(43)] FindFirstFile: The system cannot find the path specified. (0x3)
[1101/160156.727:ERROR:directory_reader_win.cc(43)] FindFirstFile: The system cannot find the path specified. (0x3)
[1102/120324.848:ERROR:directory_reader_win.cc(43)] FindFirstFile: The system cannot find the path specified. (0x3)
[1103/092923.818:ERROR:directory_reader_win.cc(43)] FindFirstFile: The system cannot find the path specified. (0x3)
[1104/120054.306:ERROR:directory_reader_win.cc(43)] FindFirstFile: The system cannot find the path specified. (0x3)
[1104/141640.879:ERROR:process_reader_win.cc(123)] NtOpenThread: {Access Denied} A process has requested access to an object, but has not been granted those access rights. (0xc0000022)
[1104/141640.880:ERROR:exception_snapshot_win.cc(99)] thread ID 10788 not found in process
[1104/141640.969:ERROR:process_reader_win.cc(123)] NtOpenThread: {Access Denied} A process has requested access to an object, but has not been granted those access rights. (0xc0000022)
[1104/141640.969:ERROR:exception_snapshot_win.cc(99)] thread ID 1720 not found in process
[1106/152234.383:ERROR:directory_reader_win.cc(43)] FindFirstFile: The system cannot find the path specified. (0x3)
[1109/121130.157:ERROR:directory_reader_win.cc(43)] FindFirstFile: The system cannot find the path specified. (0x3)
[1110/152332.658:ERROR:directory_reader_win.cc(43)] FindFirstFile: The system cannot find the path specified. (0x3)
[1110/160747.262:ERROR:directory_reader_win.cc(43)] FindFirstFile: The system cannot find the path specified. (0x3)
[1111/093512.540:ERROR:directory_reader_win.cc(43)] FindFirstFile: The system cannot find the path specified. (0x3)
[1112/162216.204:ERROR:directory_reader_win.cc(43)] FindFirstFile: The system cannot find the path specified. (0x3)
[1116/152251.725:ERROR:directory_reader_win.cc(43)] FindFirstFile: The system cannot find the path specified. (0x3)
[1117/105518.718:ERROR:directory_reader_win.cc(43)] FindFirstFile: The system cannot find the path specified. (0x3)
[1117/131927.427:ERROR:process_reader_win.cc(123)] NtOpenThread: {Access Denied} A process has requested access to an object, but has not been granted those access rights. (0xc0000022)
[1117/131927.430:ERROR:exception_snapshot_win.cc(99)] thread ID 22536 not found in process
[1117/131927.516:ERROR:process_reader_win.cc(123)] NtOpenThread: {Access Denied} A process has requested access to an object, but has not been granted those access rights. (0xc0000022)
[1117/131927.516:ERROR:exception_snapshot_win.cc(99)] thread ID 24008 not found in process
[1119/211226.475:ERROR:directory_reader_win.cc(43)] FindFirstFile: The system cannot find the path specified. (0x3)
[1119/230422.773:ERROR:process_reader_win.cc(123)] NtOpenThread: {Access Denied} A process has requested access to an object, but has not been granted those access rights. (0xc0000022)
[1119/230422.774:ERROR:exception_snapshot_win.cc(99)] thread ID 32692 not found in process
[1119/230422.866:ERROR:process_reader_win.cc(123)] NtOpenThread: {Access Denied} A process has requested access to an object, but has not been granted those access rights. (0xc0000022)
[1119/230422.866:ERROR:exception_snapshot_win.cc(99)] thread ID 4068 not found in process
[1123/173127.929:ERROR:directory_reader_win.cc(43)] FindFirstFile: The system cannot find the path specified. (0x3)
[1123/200849.597:ERROR:directory_reader_win.cc(43)] FindFirstFile: The system cannot find the path specified. (0x3)
[1124/185346.751:ERROR:directory_reader_win.cc(43)] FindFirstFile: The system cannot find the path specified. (0x3)
[1124/195317.125:ERROR:process_reader_win.cc(123)] NtOpenThread: {Access Denied} A process has requested access to an object, but has not been granted those access rights. (0xc0000022)
[1124/195317.125:ERROR:exception_snapshot_win.cc(99)] thread ID 41720 not found in process
[1124/195317.222:ERROR:process_reader_win.cc(123)] NtOpenThread: {Access Denied} A process has requested access to an object, but has not been granted those access rights. (0xc0000022)
[1124/195317.222:ERROR:exception_snapshot_win.cc(99)] thread ID 42060 not found in process
[1124/200346.909:ERROR:directory_reader_win.cc(43)] FindFirstFile: The system cannot find the path specified. (0x3)
[1125/153648.613:ERROR:directory_reader_win.cc(43)] FindFirstFile: The system cannot find the path specified. (0x3)
[1126/120143.948:ERROR:directory_reader_win.cc(43)] FindFirstFile: The system cannot find the path specified. (0x3)
[1126/123350.785:ERROR:process_reader_win.cc(123)] NtOpenThread: {Access Denied} A process has requested access to an object, but has not been granted those access rights. (0xc0000022)
[1126/123350.785:ERROR:exception_snapshot_win.cc(99)] thread ID 22388 not found in process
[1126/123350.887:ERROR:process_reader_win.cc(123)] NtOpenThread: {Access Denied} A process has requested access to an object, but has not been granted those access rights. (0xc0000022)
[1126/123350.887:ERROR:exception_snapshot_win.cc(99)] thread ID 41412 not found in process
[1130/165836.092:ERROR:directory_reader_win.cc(43)] FindFirstFile: The system cannot find the path specified. (0x3)
[1130/183308.252:ERROR:process_reader_win.cc(123)] NtOpenThread: {Access Denied} A process has requested access to an object, but has not been granted those access rights. (0xc0000022)
[1130/183308.253:ERROR:exception_snapshot_win.cc(99)] thread ID 13556 not found in process
[1130/183308.348:ERROR:process_reader_win.cc(123)] NtOpenThread: {Access Denied} A process has requested access to an object, but has not been granted those access rights. (0xc0000022)
[1130/183308.349:ERROR:exception_snapshot_win.cc(99)] thread ID 22172 not found in process
[1130/184314.600:ERROR:directory_reader_win.cc(43)] FindFirstFile: The system cannot find the path specified. (0x3)
[1130/185852.918:ERROR:directory_reader_win.cc(43)] FindFirstFile: The system cannot find the path specified. (0x3)
[1201/202518.134:ERROR:directory_reader_win.cc(43)] FindFirstFile: The system cannot find the path specified. (0x3)
[1201/210150.358:ERROR:directory_reader_win.cc(43)] FindFirstFile: The system cannot find the path specified. (0x3)
[1202/151244.250:ERROR:directory_reader_win.cc(43)] FindFirstFile: The system cannot find the path specified. (0x3)
[1206/141624.183:ERROR:directory_reader_win.cc(43)] FindFirstFile: The system cannot find the path specified. (0x3)
[1206/161652.743:ERROR:process_reader_win.cc(123)] NtOpenThread: {Access Denied} A process has requested access to an object, but has not been granted those access rights. (0xc0000022)
[1206/161653.080:ERROR:exception_snapshot_win.cc(99)] thread ID 51364 not found in process
[1206/161653.182:ERROR:process_reader_win.cc(123)] NtOpenThread: {Access Denied} A process has requested access to an object, but has not been granted those access rights. (0xc0000022)
[1206/161653.182:ERROR:exception_snapshot_win.cc(99)] thread ID 46684 not found in process
[1207/085642.931:ERROR:directory_reader_win.cc(43)] FindFirstFile: The system cannot find the path specified. (0x3)
[1207/162646.168:ERROR:directory_reader_win.cc(43)] FindFirstFile: The system cannot find the path specified. (0x3)
[1207/171648.701:ERROR:process_reader_win.cc(123)] NtOpenThread: {Access Denied} A process has requested access to an object, but has not been granted those access rights. (0xc0000022)
[1207/171648.702:ERROR:exception_snapshot_win.cc(99)] thread ID 34312 not found in process
[1207/171648.800:ERROR:process_reader_win.cc(123)] NtOpenThread: {Access Denied} A process has requested access to an object, but has not been granted those access rights. (0xc0000022)
[1207/171648.800:ERROR:exception_snapshot_win.cc(99)] thread ID 39204 not found in process
[1207/172947.558:ERROR:directory_reader_win.cc(43)] FindFirstFile: The system cannot find the path specified. (0x3)
[1207/184052.889:ERROR:process_reader_win.cc(123)] NtOpenThread: {Access Denied} A process has requested access to an object, but has not been granted those access rights. (0xc0000022)
[1207/184052.890:ERROR:exception_snapshot_win.cc(99)] thread ID 53588 not found in process
[1207/184052.996:ERROR:process_reader_win.cc(123)] NtOpenThread: {Access Denied} A process has requested access to an object, but has not been granted those access rights. (0xc0000022)
[1207/184052.996:ERROR:exception_snapshot_win.cc(99)] thread ID 40212 not found in process
[1207/185102.817:ERROR:directory_reader_win.cc(43)] FindFirstFile: The system cannot find the path specified. (0x3)
[1207/195319.491:ERROR:process_reader_win.cc(123)] NtOpenThread: {Access Denied} A process has requested access to an object, but has not been granted those access rights. (0xc0000022)
[1207/195319.491:ERROR:exception_snapshot_win.cc(99)] thread ID 20308 not found in process
[1207/195319.593:ERROR:process_reader_win.cc(123)] NtOpenThread: {Access Denied} A process has requested access to an object, but has not been granted those access rights. (0xc0000022)
[1207/195319.593:ERROR:exception_snapshot_win.cc(99)] thread ID 43916 not found in process
[1208/163427.113:ERROR:directory_reader_win.cc(43)] FindFirstFile: The system cannot find the path specified. (0x3)
[1208/172535.733:ERROR:process_reader_win.cc(123)] NtOpenThread: {Access Denied} A process has requested access to an object, but has not been granted those access rights. (0xc0000022)
[1208/172535.734:ERROR:exception_snapshot_win.cc(99)] thread ID 51064 not found in process
[1208/172535.838:ERROR:process_reader_win.cc(123)] NtOpenThread: {Access Denied} A process has requested access to an object, but has not been granted those access rights. (0xc0000022)
[1208/172535.838:ERROR:exception_snapshot_win.cc(99)] thread ID 17968 not found in process
[1208/173601.729:ERROR:directory_reader_win.cc(43)] FindFirstFile: The system cannot find the path specified. (0x3)
[1209/085831.869:ERROR:process_reader_win.cc(123)] NtOpenThread: {Access Denied} A process has requested access to an object, but has not been granted those access rights. (0xc0000022)
[1209/085831.870:ERROR:exception_snapshot_win.cc(99)] thread ID 61300 not found in process
[1209/085831.985:ERROR:process_reader_win.cc(123)] NtOpenThread: {Access Denied} A process has requested access to an object, but has not been granted those access rights. (0xc0000022)
[1209/085831.985:ERROR:exception_snapshot_win.cc(99)] thread ID 58304 not found in process
